<?xml version="1.0" encoding="UTF-8"?>
<testng-results skipped="0" failed="0" ignored="0" total="1" passed="1">
  <reporter-output>
  </reporter-output>
  <suite name="Command line suite" duration-ms="9439" started-at="2023-01-26T19:44:26Z" finished-at="2023-01-26T19:44:36Z">
    <groups>
    </groups>
    <test name="Command line test" duration-ms="9439" started-at="2023-01-26T19:44:26Z" finished-at="2023-01-26T19:44:36Z">
      <class name="test.WellsFargoTest">
        <test-method status="PASS" signature="loginTest(java.lang.String)[pri:0, instance:test.WellsFargoTest@5a61f5df]" name="loginTest" duration-ms="9420" started-at="2023-01-26T19:44:26Z" finished-at="2023-01-26T19:44:36Z">
          <params>
            <param index="0">
              <value>
                <![CDATA[firefox]]>
              </value>
            </param>
          </params>
          <reporter-output>
          </reporter-output>
        </test-method> <!-- loginTest -->
      </class> <!-- test.WellsFargoTest -->
    </test> <!-- Command line test -->
  </suite> <!-- Command line suite -->
</testng-results>
